<?xml version="1.0" encoding="UTF-8"?>
<coverage generated="1729740533030" clover="3.2.0">
  <project timestamp="1729740533030" name="All files">
    <metrics statements="69" coveredstatements="69" conditionals="19" coveredconditionals="19" methods="24" coveredmethods="24" elements="112" coveredelements="112" complexity="0" loc="69" ncloc="69" packages="3" files="7" classes="7"/>
    <package name="libreria">
      <metrics statements="6" coveredstatements="6" conditionals="0" coveredconditionals="0" methods="0" coveredmethods="0"/>
      <file name="index.ts" path="C:\Users\ASUS\Documents\Proyecto_sistema\Proyecto1_Sistemas_web\libreria\index.ts">
        <metrics statements="6" coveredstatements="6" conditionals="0" coveredconditionals="0" methods="0" coveredmethods="0"/>
        <line num="1" count="6" type="stmt"/>
        <line num="2" count="6" type="stmt"/>
        <line num="3" count="6" type="stmt"/>
        <line num="4" count="6" type="stmt"/>
        <line num="5" count="6" type="stmt"/>
        <line num="6" count="6" type="stmt"/>
      </file>
    </package>
    <package name="libreria.strategy">
      <metrics statements="30" coveredstatements="30" conditionals="0" coveredconditionals="0" methods="14" coveredmethods="14"/>
      <file name="validacionFactory.ts" path="C:\Users\ASUS\Documents\Proyecto_sistema\Proyecto1_Sistemas_web\libreria\strategy\validacionFactory.ts">
        <metrics statements="26" coveredstatements="26" conditionals="0" coveredconditionals="0" methods="11" coveredmethods="11"/>
        <line num="2" count="6" type="stmt"/>
        <line num="3" count="6" type="stmt"/>
        <line num="4" count="6" type="stmt"/>
        <line num="5" count="6" type="stmt"/>
        <line num="26" count="22" type="stmt"/>
        <line num="27" count="22" type="stmt"/>
        <line num="33" count="6" type="stmt"/>
        <line num="41" count="2" type="stmt"/>
        <line num="46" count="6" type="stmt"/>
        <line num="54" count="3" type="stmt"/>
        <line num="59" count="6" type="stmt"/>
        <line num="67" count="2" type="stmt"/>
        <line num="72" count="6" type="stmt"/>
        <line num="78" count="2" type="stmt"/>
        <line num="83" count="6" type="stmt"/>
        <line num="87" count="1" type="stmt"/>
        <line num="88" count="1" type="stmt"/>
        <line num="97" count="2" type="stmt"/>
        <line num="102" count="6" type="stmt"/>
        <line num="110" count="2" type="stmt"/>
        <line num="115" count="6" type="stmt"/>
        <line num="123" count="3" type="stmt"/>
        <line num="128" count="6" type="stmt"/>
        <line num="136" count="2" type="stmt"/>
        <line num="141" count="6" type="stmt"/>
        <line num="147" count="4" type="stmt"/>
      </file>
      <file name="validacionStrategy.ts" path="C:\Users\ASUS\Documents\Proyecto_sistema\Proyecto1_Sistemas_web\libreria\strategy\validacionStrategy.ts">
        <metrics statements="4" coveredstatements="4" conditionals="0" coveredconditionals="0" methods="3" coveredmethods="3"/>
        <line num="23" count="6" type="stmt"/>
        <line num="32" count="1" type="stmt"/>
        <line num="40" count="1" type="stmt"/>
        <line num="50" count="2" type="stmt"/>
      </file>
    </package>
    <package name="libreria.validacion">
      <metrics statements="33" coveredstatements="33" conditionals="19" coveredconditionals="19" methods="10" coveredmethods="10"/>
      <file name="dateValidacion.ts" path="C:\Users\ASUS\Documents\Proyecto_sistema\Proyecto1_Sistemas_web\libreria\validacion\dateValidacion.ts">
        <metrics statements="2" coveredstatements="2" conditionals="2" coveredconditionals="2" methods="1" coveredmethods="1"/>
        <line num="6" count="6" type="stmt"/>
        <line num="15" count="6" type="cond" truecount="2" falsecount="0"/>
      </file>
      <file name="numberValidacion.ts" path="C:\Users\ASUS\Documents\Proyecto_sistema\Proyecto1_Sistemas_web\libreria\validacion\numberValidacion.ts">
        <metrics statements="13" coveredstatements="13" conditionals="3" coveredconditionals="3" methods="6" coveredmethods="6"/>
        <line num="7" count="6" type="stmt"/>
        <line num="14" count="5" type="cond" truecount="3" falsecount="0"/>
        <line num="15" count="3" type="stmt"/>
        <line num="17" count="2" type="stmt"/>
        <line num="25" count="6" type="stmt"/>
        <line num="34" count="5" type="stmt"/>
        <line num="41" count="6" type="stmt"/>
        <line num="50" count="4" type="stmt"/>
        <line num="57" count="6" type="stmt"/>
        <line num="66" count="4" type="stmt"/>
        <line num="74" count="6" type="stmt"/>
        <line num="78" count="3" type="stmt"/>
        <line num="88" count="4" type="stmt"/>
      </file>
      <file name="objectValidacion.ts" path="C:\Users\ASUS\Documents\Proyecto_sistema\Proyecto1_Sistemas_web\libreria\validacion\objectValidacion.ts">
        <metrics statements="2" coveredstatements="2" conditionals="2" coveredconditionals="2" methods="1" coveredmethods="1"/>
        <line num="6" count="6" type="stmt"/>
        <line num="14" count="4" type="cond" truecount="2" falsecount="0"/>
      </file>
      <file name="stringValidacion.ts" path="C:\Users\ASUS\Documents\Proyecto_sistema\Proyecto1_Sistemas_web\libreria\validacion\stringValidacion.ts">
        <metrics statements="16" coveredstatements="16" conditionals="12" coveredconditionals="12" methods="2" coveredmethods="2"/>
        <line num="6" count="6" type="stmt"/>
        <line num="15" count="5" type="cond" truecount="3" falsecount="0"/>
        <line num="16" count="3" type="stmt"/>
        <line num="18" count="2" type="stmt"/>
        <line num="25" count="6" type="stmt"/>
        <line num="34" count="8" type="cond" truecount="1" falsecount="0"/>
        <line num="37" count="4" type="stmt"/>
        <line num="38" count="14" type="stmt"/>
        <line num="39" count="14" type="stmt"/>
        <line num="40" count="14" type="cond" truecount="2" falsecount="0"/>
        <line num="41" count="14" type="cond" truecount="2" falsecount="0"/>
        <line num="42" count="14" type="stmt"/>
        <line num="45" count="14" type="cond" truecount="4" falsecount="0"/>
        <line num="46" count="2" type="stmt"/>
        <line num="49" count="2" type="stmt"/>
        <line num="51" count="4" type="stmt"/>
      </file>
    </package>
  </project>
</coverage>
