{"C:\\Users\\ASUS\\Documents\\Proyecto_sistema\\Proyecto1_Sistemas_web\\libreria\\index.ts": {"path":"C:\\Users\\ASUS\\Documents\\Proyecto_sistema\\Proyecto1_Sistemas_web\\libreria\\index.ts","statementMap":{"0":{"start":{"line":1,"column":0},"end":{"line":1,"column":44}},"1":{"start":{"line":2,"column":0},"end":{"line":2,"column":44}},"2":{"start":{"line":3,"column":0},"end":{"line":3,"column":44}},"3":{"start":{"line":4,"column":0},"end":{"line":4,"column":42}},"4":{"start":{"line":5,"column":0},"end":{"line":5,"column":44}},"5":{"start":{"line":6,"column":0},"end":{"line":6,"column":43}}},"fnMap":{},"branchMap":{},"s":{"0":6,"1":6,"2":6,"3":6,"4":6,"5":6},"f":{},"b":{}}
,"C:\\Users\\ASUS\\Documents\\Proyecto_sistema\\Proyecto1_Sistemas_web\\libreria\\strategy\\validacionFactory.ts": {"path":"C:\\Users\\ASUS\\Documents\\Proyecto_sistema\\Proyecto1_Sistemas_web\\libreria\\strategy\\validacionFactory.ts","statementMap":{"0":{"start":{"line":2,"column":0},"end":{"line":2,"column":157}},"1":{"start":{"line":3,"column":0},"end":{"line":3,"column":66}},"2":{"start":{"line":4,"column":0},"end":{"line":4,"column":88}},"3":{"start":{"line":5,"column":0},"end":{"line":5,"column":62}},"4":{"start":{"line":14,"column":27},"end":{"line":14,"column":50}},"5":{"start":{"line":15,"column":8},"end":{"line":15,"column":41}},"6":{"start":{"line":22,"column":6},"end":{"line":22,"column":36}},"7":{"start":{"line":20,"column":0},"end":{"line":20,"column":13}},"8":{"start":{"line":29,"column":4},"end":{"line":29,"column":42}},"9":{"start":{"line":27,"column":0},"end":{"line":27,"column":13}},"10":{"start":{"line":36,"column":4},"end":{"line":36,"column":37}},"11":{"start":{"line":34,"column":0},"end":{"line":34,"column":13}},"12":{"start":{"line":43,"column":4},"end":{"line":43,"column":39}},"13":{"start":{"line":41,"column":0},"end":{"line":41,"column":13}},"14":{"start":{"line":51,"column":4},"end":{"line":51,"column":12}},"15":{"start":{"line":52,"column":4},"end":{"line":52,"column":29}},"16":{"start":{"line":56,"column":4},"end":{"line":56,"column":55}},"17":{"start":{"line":48,"column":0},"end":{"line":48,"column":13}},"18":{"start":{"line":63,"column":6},"end":{"line":63,"column":36}},"19":{"start":{"line":61,"column":0},"end":{"line":61,"column":13}},"20":{"start":{"line":70,"column":6},"end":{"line":70,"column":34}},"21":{"start":{"line":68,"column":0},"end":{"line":68,"column":13}},"22":{"start":{"line":77,"column":6},"end":{"line":77,"column":36}},"23":{"start":{"line":75,"column":0},"end":{"line":75,"column":13}},"24":{"start":{"line":84,"column":4},"end":{"line":84,"column":40}},"25":{"start":{"line":82,"column":0},"end":{"line":82,"column":13}}},"fnMap":{"0":{"name":"(anonymous_0)","decl":{"start":{"line":13,"column":11},"end":{"line":13,"column":29}},"loc":{"start":{"line":13,"column":38},"end":{"line":16,"column":3}}},"1":{"name":"(anonymous_1)","decl":{"start":{"line":21,"column":11},"end":{"line":21,"column":27}},"loc":{"start":{"line":21,"column":27},"end":{"line":23,"column":5}}},"2":{"name":"(anonymous_2)","decl":{"start":{"line":28,"column":9},"end":{"line":28,"column":25}},"loc":{"start":{"line":28,"column":25},"end":{"line":30,"column":3}}},"3":{"name":"(anonymous_3)","decl":{"start":{"line":35,"column":9},"end":{"line":35,"column":25}},"loc":{"start":{"line":35,"column":25},"end":{"line":37,"column":3}}},"4":{"name":"(anonymous_4)","decl":{"start":{"line":42,"column":9},"end":{"line":42,"column":25}},"loc":{"start":{"line":42,"column":25},"end":{"line":44,"column":3}}},"5":{"name":"(anonymous_5)","decl":{"start":{"line":50,"column":2},"end":{"line":50,"column":14}},"loc":{"start":{"line":50,"column":30},"end":{"line":53,"column":3}}},"6":{"name":"(anonymous_6)","decl":{"start":{"line":55,"column":9},"end":{"line":55,"column":25}},"loc":{"start":{"line":55,"column":25},"end":{"line":57,"column":3}}},"7":{"name":"(anonymous_7)","decl":{"start":{"line":62,"column":11},"end":{"line":62,"column":27}},"loc":{"start":{"line":62,"column":27},"end":{"line":64,"column":5}}},"8":{"name":"(anonymous_8)","decl":{"start":{"line":69,"column":11},"end":{"line":69,"column":27}},"loc":{"start":{"line":69,"column":27},"end":{"line":71,"column":5}}},"9":{"name":"(anonymous_9)","decl":{"start":{"line":76,"column":11},"end":{"line":76,"column":27}},"loc":{"start":{"line":76,"column":27},"end":{"line":78,"column":5}}},"10":{"name":"(anonymous_10)","decl":{"start":{"line":83,"column":9},"end":{"line":83,"column":25}},"loc":{"start":{"line":83,"column":25},"end":{"line":85,"column":3}}}},"branchMap":{},"s":{"0":6,"1":6,"2":6,"3":6,"4":22,"5":22,"6":2,"7":6,"8":3,"9":6,"10":2,"11":6,"12":2,"13":6,"14":1,"15":1,"16":2,"17":6,"18":2,"19":6,"20":3,"21":6,"22":2,"23":6,"24":4,"25":6},"f":{"0":22,"1":2,"2":3,"3":2,"4":2,"5":1,"6":2,"7":2,"8":3,"9":2,"10":4},"b":{}}
,"C:\\Users\\ASUS\\Documents\\Proyecto_sistema\\Proyecto1_Sistemas_web\\libreria\\strategy\\validacionStrategy.ts": {"path":"C:\\Users\\ASUS\\Documents\\Proyecto_sistema\\Proyecto1_Sistemas_web\\libreria\\strategy\\validacionStrategy.ts","statementMap":{"0":{"start":{"line":13,"column":8},"end":{"line":13,"column":33}},"1":{"start":{"line":18,"column":8},"end":{"line":18,"column":33}},"2":{"start":{"line":22,"column":8},"end":{"line":22,"column":44}},"3":{"start":{"line":9,"column":0},"end":{"line":9,"column":13}}},"fnMap":{"0":{"name":"(anonymous_0)","decl":{"start":{"line":12,"column":4},"end":{"line":12,"column":16}},"loc":{"start":{"line":12,"column":47},"end":{"line":14,"column":7}}},"1":{"name":"(anonymous_1)","decl":{"start":{"line":17,"column":4},"end":{"line":17,"column":22}},"loc":{"start":{"line":17,"column":54},"end":{"line":19,"column":7}}},"2":{"name":"(anonymous_2)","decl":{"start":{"line":21,"column":4},"end":{"line":21,"column":11}},"loc":{"start":{"line":21,"column":20},"end":{"line":23,"column":7}}}},"branchMap":{},"s":{"0":1,"1":1,"2":2,"3":6},"f":{"0":1,"1":1,"2":2},"b":{}}
,"C:\\Users\\ASUS\\Documents\\Proyecto_sistema\\Proyecto1_Sistemas_web\\libreria\\validacion\\dateValidacion.ts": {"path":"C:\\Users\\ASUS\\Documents\\Proyecto_sistema\\Proyecto1_Sistemas_web\\libreria\\validacion\\dateValidacion.ts","statementMap":{"0":{"start":{"line":5,"column":8},"end":{"line":5,"column":64}},"1":{"start":{"line":3,"column":0},"end":{"line":3,"column":13}}},"fnMap":{"0":{"name":"(anonymous_0)","decl":{"start":{"line":4,"column":4},"end":{"line":4,"column":11}},"loc":{"start":{"line":4,"column":23},"end":{"line":6,"column":5}}}},"branchMap":{"0":{"loc":{"start":{"line":5,"column":15},"end":{"line":5,"column":63}},"type":"binary-expr","locations":[{"start":{"line":5,"column":15},"end":{"line":5,"column":36}},{"start":{"line":5,"column":40},"end":{"line":5,"column":63}}]}},"s":{"0":6,"1":6},"f":{"0":6},"b":{"0":[6,6]}}
,"C:\\Users\\ASUS\\Documents\\Proyecto_sistema\\Proyecto1_Sistemas_web\\libreria\\validacion\\numberValidacion.ts": {"path":"C:\\Users\\ASUS\\Documents\\Proyecto_sistema\\Proyecto1_Sistemas_web\\libreria\\validacion\\numberValidacion.ts","statementMap":{"0":{"start":{"line":5,"column":8},"end":{"line":7,"column":9}},"1":{"start":{"line":6,"column":12},"end":{"line":6,"column":24}},"2":{"start":{"line":8,"column":8},"end":{"line":8,"column":21}},"3":{"start":{"line":3,"column":0},"end":{"line":3,"column":13}},"4":{"start":{"line":14,"column":8},"end":{"line":14,"column":23}},"5":{"start":{"line":12,"column":0},"end":{"line":12,"column":13}},"6":{"start":{"line":21,"column":6},"end":{"line":21,"column":29}},"7":{"start":{"line":19,"column":0},"end":{"line":19,"column":13}},"8":{"start":{"line":28,"column":6},"end":{"line":28,"column":29}},"9":{"start":{"line":26,"column":0},"end":{"line":26,"column":13}},"10":{"start":{"line":37,"column":6},"end":{"line":37,"column":31}},"11":{"start":{"line":41,"column":6},"end":{"line":41,"column":35}},"12":{"start":{"line":33,"column":0},"end":{"line":33,"column":13}}},"fnMap":{"0":{"name":"(anonymous_0)","decl":{"start":{"line":4,"column":4},"end":{"line":4,"column":11}},"loc":{"start":{"line":4,"column":25},"end":{"line":9,"column":5}}},"1":{"name":"(anonymous_1)","decl":{"start":{"line":13,"column":4},"end":{"line":13,"column":11}},"loc":{"start":{"line":13,"column":25},"end":{"line":15,"column":5}}},"2":{"name":"(anonymous_2)","decl":{"start":{"line":20,"column":4},"end":{"line":20,"column":11}},"loc":{"start":{"line":20,"column":25},"end":{"line":22,"column":5}}},"3":{"name":"(anonymous_3)","decl":{"start":{"line":27,"column":4},"end":{"line":27,"column":11}},"loc":{"start":{"line":27,"column":25},"end":{"line":29,"column":5}}},"4":{"name":"(anonymous_4)","decl":{"start":{"line":36,"column":4},"end":{"line":36,"column":16}},"loc":{"start":{"line":36,"column":32},"end":{"line":38,"column":5}}},"5":{"name":"(anonymous_5)","decl":{"start":{"line":40,"column":4},"end":{"line":40,"column":11}},"loc":{"start":{"line":40,"column":25},"end":{"line":42,"column":5}}}},"branchMap":{"0":{"loc":{"start":{"line":5,"column":8},"end":{"line":7,"column":9}},"type":"if","locations":[{"start":{"line":5,"column":8},"end":{"line":7,"column":9}}]},"1":{"loc":{"start":{"line":5,"column":11},"end":{"line":5,"column":51}},"type":"binary-expr","locations":[{"start":{"line":5,"column":11},"end":{"line":5,"column":35}},{"start":{"line":5,"column":38},"end":{"line":5,"column":51}}]}},"s":{"0":5,"1":3,"2":2,"3":6,"4":5,"5":6,"6":4,"7":6,"8":4,"9":6,"10":3,"11":4,"12":6},"f":{"0":5,"1":5,"2":4,"3":4,"4":3,"5":4},"b":{"0":[3],"1":[5,5]}}
,"C:\\Users\\ASUS\\Documents\\Proyecto_sistema\\Proyecto1_Sistemas_web\\libreria\\validacion\\objectValidacion.ts": {"path":"C:\\Users\\ASUS\\Documents\\Proyecto_sistema\\Proyecto1_Sistemas_web\\libreria\\validacion\\objectValidacion.ts","statementMap":{"0":{"start":{"line":5,"column":8},"end":{"line":5,"column":55}},"1":{"start":{"line":3,"column":0},"end":{"line":3,"column":13}}},"fnMap":{"0":{"name":"(anonymous_0)","decl":{"start":{"line":4,"column":4},"end":{"line":4,"column":11}},"loc":{"start":{"line":4,"column":25},"end":{"line":6,"column":5}}}},"branchMap":{"0":{"loc":{"start":{"line":5,"column":15},"end":{"line":5,"column":54}},"type":"binary-expr","locations":[{"start":{"line":5,"column":15},"end":{"line":5,"column":27}},{"start":{"line":5,"column":31},"end":{"line":5,"column":54}}]}},"s":{"0":4,"1":6},"f":{"0":4},"b":{"0":[4,4]}}
,"C:\\Users\\ASUS\\Documents\\Proyecto_sistema\\Proyecto1_Sistemas_web\\libreria\\validacion\\stringValidacion.ts": {"path":"C:\\Users\\ASUS\\Documents\\Proyecto_sistema\\Proyecto1_Sistemas_web\\libreria\\validacion\\stringValidacion.ts","statementMap":{"0":{"start":{"line":5,"column":8},"end":{"line":7,"column":9}},"1":{"start":{"line":6,"column":12},"end":{"line":6,"column":24}},"2":{"start":{"line":8,"column":8},"end":{"line":8,"column":21}},"3":{"start":{"line":3,"column":0},"end":{"line":3,"column":13}},"4":{"start":{"line":14,"column":8},"end":{"line":30,"column":9}},"5":{"start":{"line":17,"column":12},"end":{"line":28,"column":13}},"6":{"start":{"line":17,"column":22},"end":{"line":17,"column":23}},"7":{"start":{"line":18,"column":27},"end":{"line":18,"column":42}},"8":{"start":{"line":19,"column":27},"end":{"line":19,"column":45}},"9":{"start":{"line":20,"column":34},"end":{"line":20,"column":55}},"10":{"start":{"line":21,"column":34},"end":{"line":21,"column":57}},"11":{"start":{"line":22,"column":30},"end":{"line":22,"column":40}},"12":{"start":{"line":25,"column":16},"end":{"line":27,"column":17}},"13":{"start":{"line":26,"column":20},"end":{"line":26,"column":33}},"14":{"start":{"line":29,"column":12},"end":{"line":29,"column":24}},"15":{"start":{"line":31,"column":8},"end":{"line":31,"column":21}},"16":{"start":{"line":12,"column":0},"end":{"line":12,"column":13}}},"fnMap":{"0":{"name":"(anonymous_0)","decl":{"start":{"line":4,"column":4},"end":{"line":4,"column":11}},"loc":{"start":{"line":4,"column":25},"end":{"line":9,"column":5}}},"1":{"name":"(anonymous_1)","decl":{"start":{"line":13,"column":4},"end":{"line":13,"column":11}},"loc":{"start":{"line":13,"column":25},"end":{"line":32,"column":5}}}},"branchMap":{"0":{"loc":{"start":{"line":5,"column":8},"end":{"line":7,"column":9}},"type":"if","locations":[{"start":{"line":5,"column":8},"end":{"line":7,"column":9}}]},"1":{"loc":{"start":{"line":5,"column":11},"end":{"line":5,"column":58}},"type":"binary-expr","locations":[{"start":{"line":5,"column":11},"end":{"line":5,"column":33}},{"start":{"line":5,"column":37},"end":{"line":5,"column":58}}]},"2":{"loc":{"start":{"line":14,"column":8},"end":{"line":30,"column":9}},"type":"if","locations":[{"start":{"line":14,"column":8},"end":{"line":30,"column":9}}]},"3":{"loc":{"start":{"line":20,"column":34},"end":{"line":20,"column":55}},"type":"binary-expr","locations":[{"start":{"line":20,"column":34},"end":{"line":20,"column":43}},{"start":{"line":20,"column":47},"end":{"line":20,"column":55}}]},"4":{"loc":{"start":{"line":21,"column":34},"end":{"line":21,"column":57}},"type":"binary-expr","locations":[{"start":{"line":21,"column":34},"end":{"line":21,"column":43}},{"start":{"line":21,"column":47},"end":{"line":21,"column":57}}]},"5":{"loc":{"start":{"line":25,"column":16},"end":{"line":27,"column":17}},"type":"if","locations":[{"start":{"line":25,"column":16},"end":{"line":27,"column":17}}]},"6":{"loc":{"start":{"line":25,"column":21},"end":{"line":25,"column":54}},"type":"binary-expr","locations":[{"start":{"line":25,"column":21},"end":{"line":25,"column":32}},{"start":{"line":25,"column":34},"end":{"line":25,"column":45}},{"start":{"line":25,"column":47},"end":{"line":25,"column":54}}]}},"s":{"0":5,"1":3,"2":2,"3":6,"4":8,"5":4,"6":4,"7":14,"8":14,"9":14,"10":14,"11":14,"12":14,"13":2,"14":2,"15":4,"16":6},"f":{"0":5,"1":8},"b":{"0":[3],"1":[5,5],"2":[4],"3":[14,12],"4":[14,10],"5":[2],"6":[14,12,2]}}
}
