{"C:\\Users\\ASUS\\Documents\\Proyecto_sistema\\Proyecto1_Sistemas_web\\libreria\\index.ts": {"path":"C:\\Users\\ASUS\\Documents\\Proyecto_sistema\\Proyecto1_Sistemas_web\\libreria\\index.ts","statementMap":{"0":{"start":{"line":1,"column":0},"end":{"line":1,"column":44}},"1":{"start":{"line":2,"column":0},"end":{"line":2,"column":44}},"2":{"start":{"line":3,"column":0},"end":{"line":3,"column":44}},"3":{"start":{"line":4,"column":0},"end":{"line":4,"column":42}},"4":{"start":{"line":5,"column":0},"end":{"line":5,"column":44}},"5":{"start":{"line":6,"column":0},"end":{"line":6,"column":43}}},"fnMap":{},"branchMap":{},"s":{"0":6,"1":6,"2":6,"3":6,"4":6,"5":6},"f":{},"b":{}}
,"C:\\Users\\ASUS\\Documents\\Proyecto_sistema\\Proyecto1_Sistemas_web\\libreria\\strategy\\validacionFactory.ts": {"path":"C:\\Users\\ASUS\\Documents\\Proyecto_sistema\\Proyecto1_Sistemas_web\\libreria\\strategy\\validacionFactory.ts","statementMap":{"0":{"start":{"line":2,"column":0},"end":{"line":2,"column":65}},"1":{"start":{"line":3,"column":0},"end":{"line":3,"column":66}},"2":{"start":{"line":4,"column":0},"end":{"line":4,"column":65}},"3":{"start":{"line":5,"column":0},"end":{"line":5,"column":62}},"4":{"start":{"line":14,"column":27},"end":{"line":14,"column":50}},"5":{"start":{"line":15,"column":8},"end":{"line":15,"column":41}},"6":{"start":{"line":22,"column":6},"end":{"line":22,"column":36}},"7":{"start":{"line":20,"column":0},"end":{"line":20,"column":13}},"8":{"start":{"line":29,"column":6},"end":{"line":29,"column":36}},"9":{"start":{"line":27,"column":0},"end":{"line":27,"column":13}},"10":{"start":{"line":36,"column":6},"end":{"line":36,"column":34}},"11":{"start":{"line":34,"column":0},"end":{"line":34,"column":13}},"12":{"start":{"line":43,"column":6},"end":{"line":43,"column":36}},"13":{"start":{"line":41,"column":0},"end":{"line":41,"column":13}}},"fnMap":{"0":{"name":"(anonymous_0)","decl":{"start":{"line":13,"column":11},"end":{"line":13,"column":29}},"loc":{"start":{"line":13,"column":38},"end":{"line":16,"column":3}}},"1":{"name":"(anonymous_1)","decl":{"start":{"line":21,"column":11},"end":{"line":21,"column":27}},"loc":{"start":{"line":21,"column":27},"end":{"line":23,"column":5}}},"2":{"name":"(anonymous_2)","decl":{"start":{"line":28,"column":11},"end":{"line":28,"column":27}},"loc":{"start":{"line":28,"column":27},"end":{"line":30,"column":5}}},"3":{"name":"(anonymous_3)","decl":{"start":{"line":35,"column":11},"end":{"line":35,"column":27}},"loc":{"start":{"line":35,"column":27},"end":{"line":37,"column":5}}},"4":{"name":"(anonymous_4)","decl":{"start":{"line":42,"column":11},"end":{"line":42,"column":27}},"loc":{"start":{"line":42,"column":27},"end":{"line":44,"column":5}}}},"branchMap":{},"s":{"0":6,"1":6,"2":6,"3":6,"4":9,"5":9,"6":2,"7":6,"8":2,"9":6,"10":3,"11":6,"12":2,"13":6},"f":{"0":9,"1":2,"2":2,"3":3,"4":2},"b":{}}
,"C:\\Users\\ASUS\\Documents\\Proyecto_sistema\\Proyecto1_Sistemas_web\\libreria\\strategy\\validacionStrategy.ts": {"path":"C:\\Users\\ASUS\\Documents\\Proyecto_sistema\\Proyecto1_Sistemas_web\\libreria\\strategy\\validacionStrategy.ts","statementMap":{"0":{"start":{"line":13,"column":8},"end":{"line":13,"column":33}},"1":{"start":{"line":18,"column":8},"end":{"line":18,"column":33}},"2":{"start":{"line":22,"column":8},"end":{"line":22,"column":44}},"3":{"start":{"line":9,"column":0},"end":{"line":9,"column":13}}},"fnMap":{"0":{"name":"(anonymous_0)","decl":{"start":{"line":12,"column":4},"end":{"line":12,"column":16}},"loc":{"start":{"line":12,"column":47},"end":{"line":14,"column":7}}},"1":{"name":"(anonymous_1)","decl":{"start":{"line":17,"column":4},"end":{"line":17,"column":22}},"loc":{"start":{"line":17,"column":54},"end":{"line":19,"column":7}}},"2":{"name":"(anonymous_2)","decl":{"start":{"line":21,"column":4},"end":{"line":21,"column":11}},"loc":{"start":{"line":21,"column":20},"end":{"line":23,"column":7}}}},"branchMap":{},"s":{"0":1,"1":1,"2":2,"3":6},"f":{"0":1,"1":1,"2":2},"b":{}}
,"C:\\Users\\ASUS\\Documents\\Proyecto_sistema\\Proyecto1_Sistemas_web\\libreria\\validacion\\dateValidacion.ts": {"path":"C:\\Users\\ASUS\\Documents\\Proyecto_sistema\\Proyecto1_Sistemas_web\\libreria\\validacion\\dateValidacion.ts","statementMap":{"0":{"start":{"line":5,"column":8},"end":{"line":5,"column":64}},"1":{"start":{"line":3,"column":0},"end":{"line":3,"column":13}}},"fnMap":{"0":{"name":"(anonymous_0)","decl":{"start":{"line":4,"column":4},"end":{"line":4,"column":11}},"loc":{"start":{"line":4,"column":23},"end":{"line":6,"column":5}}}},"branchMap":{"0":{"loc":{"start":{"line":5,"column":15},"end":{"line":5,"column":63}},"type":"binary-expr","locations":[{"start":{"line":5,"column":15},"end":{"line":5,"column":36}},{"start":{"line":5,"column":40},"end":{"line":5,"column":63}}]}},"s":{"0":6,"1":6},"f":{"0":6},"b":{"0":[6,6]}}
,"C:\\Users\\ASUS\\Documents\\Proyecto_sistema\\Proyecto1_Sistemas_web\\libreria\\validacion\\numberValidacion.ts": {"path":"C:\\Users\\ASUS\\Documents\\Proyecto_sistema\\Proyecto1_Sistemas_web\\libreria\\validacion\\numberValidacion.ts","statementMap":{"0":{"start":{"line":5,"column":8},"end":{"line":7,"column":9}},"1":{"start":{"line":6,"column":12},"end":{"line":6,"column":24}},"2":{"start":{"line":8,"column":8},"end":{"line":8,"column":21}},"3":{"start":{"line":3,"column":0},"end":{"line":3,"column":13}}},"fnMap":{"0":{"name":"(anonymous_0)","decl":{"start":{"line":4,"column":4},"end":{"line":4,"column":11}},"loc":{"start":{"line":4,"column":25},"end":{"line":9,"column":5}}}},"branchMap":{"0":{"loc":{"start":{"line":5,"column":8},"end":{"line":7,"column":9}},"type":"if","locations":[{"start":{"line":5,"column":8},"end":{"line":7,"column":9}}]},"1":{"loc":{"start":{"line":5,"column":11},"end":{"line":5,"column":51}},"type":"binary-expr","locations":[{"start":{"line":5,"column":11},"end":{"line":5,"column":35}},{"start":{"line":5,"column":38},"end":{"line":5,"column":51}}]}},"s":{"0":5,"1":3,"2":2,"3":6},"f":{"0":5},"b":{"0":[3],"1":[5,5]}}
,"C:\\Users\\ASUS\\Documents\\Proyecto_sistema\\Proyecto1_Sistemas_web\\libreria\\validacion\\objectValidacion.ts": {"path":"C:\\Users\\ASUS\\Documents\\Proyecto_sistema\\Proyecto1_Sistemas_web\\libreria\\validacion\\objectValidacion.ts","statementMap":{"0":{"start":{"line":5,"column":8},"end":{"line":5,"column":55}},"1":{"start":{"line":3,"column":0},"end":{"line":3,"column":13}}},"fnMap":{"0":{"name":"(anonymous_0)","decl":{"start":{"line":4,"column":4},"end":{"line":4,"column":11}},"loc":{"start":{"line":4,"column":25},"end":{"line":6,"column":5}}}},"branchMap":{"0":{"loc":{"start":{"line":5,"column":15},"end":{"line":5,"column":54}},"type":"binary-expr","locations":[{"start":{"line":5,"column":15},"end":{"line":5,"column":27}},{"start":{"line":5,"column":31},"end":{"line":5,"column":54}}]}},"s":{"0":4,"1":6},"f":{"0":4},"b":{"0":[4,4]}}
,"C:\\Users\\ASUS\\Documents\\Proyecto_sistema\\Proyecto1_Sistemas_web\\libreria\\validacion\\stringValidacion.ts": {"path":"C:\\Users\\ASUS\\Documents\\Proyecto_sistema\\Proyecto1_Sistemas_web\\libreria\\validacion\\stringValidacion.ts","statementMap":{"0":{"start":{"line":5,"column":8},"end":{"line":7,"column":9}},"1":{"start":{"line":6,"column":12},"end":{"line":6,"column":24}},"2":{"start":{"line":8,"column":8},"end":{"line":8,"column":21}},"3":{"start":{"line":3,"column":0},"end":{"line":3,"column":13}}},"fnMap":{"0":{"name":"(anonymous_0)","decl":{"start":{"line":4,"column":4},"end":{"line":4,"column":11}},"loc":{"start":{"line":4,"column":25},"end":{"line":9,"column":5}}}},"branchMap":{"0":{"loc":{"start":{"line":5,"column":8},"end":{"line":7,"column":9}},"type":"if","locations":[{"start":{"line":5,"column":8},"end":{"line":7,"column":9}}]},"1":{"loc":{"start":{"line":5,"column":11},"end":{"line":5,"column":58}},"type":"binary-expr","locations":[{"start":{"line":5,"column":11},"end":{"line":5,"column":33}},{"start":{"line":5,"column":37},"end":{"line":5,"column":58}}]}},"s":{"0":5,"1":3,"2":2,"3":6},"f":{"0":5},"b":{"0":[3],"1":[5,5]}}
}
