TN:
SF:libreria\index.ts
FNF:0
FNH:0
DA:1,6
DA:2,6
DA:3,6
DA:4,6
DA:5,6
DA:6,6
LF:6
LH:6
BRF:0
BRH:0
end_of_record
TN:
SF:libreria\strategy\validacionFactory.ts
FN:25,(anonymous_0)
FN:40,(anonymous_1)
FN:53,(anonymous_2)
FN:66,(anonymous_3)
FN:77,(anonymous_4)
FN:86,(anonymous_5)
FN:96,(anonymous_6)
FN:109,(anonymous_7)
FN:122,(anonymous_8)
FN:135,(anonymous_9)
FN:146,(anonymous_10)
FNF:11
FNH:11
FNDA:22,(anonymous_0)
FNDA:2,(anonymous_1)
FNDA:3,(anonymous_2)
FNDA:2,(anonymous_3)
FNDA:2,(anonymous_4)
FNDA:1,(anonymous_5)
FNDA:2,(anonymous_6)
FNDA:2,(anonymous_7)
FNDA:3,(anonymous_8)
FNDA:2,(anonymous_9)
FNDA:4,(anonymous_10)
DA:2,6
DA:3,6
DA:4,6
DA:5,6
DA:26,22
DA:27,22
DA:33,6
DA:41,2
DA:46,6
DA:54,3
DA:59,6
DA:67,2
DA:72,6
DA:78,2
DA:83,6
DA:87,1
DA:88,1
DA:97,2
DA:102,6
DA:110,2
DA:115,6
DA:123,3
DA:128,6
DA:136,2
DA:141,6
DA:147,4
LF:26
LH:26
BRF:0
BRH:0
end_of_record
TN:
SF:libreria\strategy\validacionStrategy.ts
FN:31,(anonymous_0)
FN:39,(anonymous_1)
FN:49,(anonymous_2)
FNF:3
FNH:3
FNDA:1,(anonymous_0)
FNDA:1,(anonymous_1)
FNDA:2,(anonymous_2)
DA:23,6
DA:32,1
DA:40,1
DA:50,2
LF:4
LH:4
BRF:0
BRH:0
end_of_record
TN:
SF:libreria\validacion\dateValidacion.ts
FN:14,(anonymous_0)
FNF:1
FNH:1
FNDA:6,(anonymous_0)
DA:6,6
DA:15,6
LF:2
LH:2
BRDA:15,0,0,6
BRDA:15,0,1,6
BRF:2
BRH:2
end_of_record
TN:
SF:libreria\validacion\numberValidacion.ts
FN:13,(anonymous_0)
FN:33,(anonymous_1)
FN:49,(anonymous_2)
FN:65,(anonymous_3)
FN:77,(anonymous_4)
FN:87,(anonymous_5)
FNF:6
FNH:6
FNDA:5,(anonymous_0)
FNDA:5,(anonymous_1)
FNDA:4,(anonymous_2)
FNDA:4,(anonymous_3)
FNDA:3,(anonymous_4)
FNDA:4,(anonymous_5)
DA:7,6
DA:14,5
DA:15,3
DA:17,2
DA:25,6
DA:34,5
DA:41,6
DA:50,4
DA:57,6
DA:66,4
DA:74,6
DA:78,3
DA:88,4
LF:13
LH:13
BRDA:14,0,0,3
BRDA:14,1,0,5
BRDA:14,1,1,5
BRF:3
BRH:3
end_of_record
TN:
SF:libreria\validacion\objectValidacion.ts
FN:13,(anonymous_0)
FNF:1
FNH:1
FNDA:4,(anonymous_0)
DA:6,6
DA:14,4
LF:2
LH:2
BRDA:14,0,0,4
BRDA:14,0,1,4
BRF:2
BRH:2
end_of_record
TN:
SF:libreria\validacion\stringValidacion.ts
FN:14,(anonymous_0)
FN:33,(anonymous_1)
FNF:2
FNH:2
FNDA:5,(anonymous_0)
FNDA:8,(anonymous_1)
DA:6,6
DA:15,5
DA:16,3
DA:18,2
DA:25,6
DA:34,8
DA:37,4
DA:38,14
DA:39,14
DA:40,14
DA:41,14
DA:42,14
DA:45,14
DA:46,2
DA:49,2
DA:51,4
LF:16
LH:16
BRDA:15,0,0,3
BRDA:15,1,0,5
BRDA:15,1,1,5
BRDA:34,2,0,4
BRDA:40,3,0,14
BRDA:40,3,1,12
BRDA:41,4,0,14
BRDA:41,4,1,10
BRDA:45,5,0,2
BRDA:45,6,0,14
BRDA:45,6,1,12
BRDA:45,6,2,2
BRF:12
BRH:12
end_of_record
