TN:
SF:libreria\index.ts
FNF:0
FNH:0
DA:1,6
DA:2,6
DA:3,6
DA:4,6
DA:5,6
DA:6,6
LF:6
LH:6
BRF:0
BRH:0
end_of_record
TN:
SF:libreria\strategy\validacionFactory.ts
FN:13,(anonymous_0)
FN:21,(anonymous_1)
FN:28,(anonymous_2)
FN:35,(anonymous_3)
FN:42,(anonymous_4)
FNF:5
FNH:5
FNDA:9,(anonymous_0)
FNDA:2,(anonymous_1)
FNDA:2,(anonymous_2)
FNDA:3,(anonymous_3)
FNDA:2,(anonymous_4)
DA:2,6
DA:3,6
DA:4,6
DA:5,6
DA:14,9
DA:15,9
DA:20,6
DA:22,2
DA:27,6
DA:29,2
DA:34,6
DA:36,3
DA:41,6
DA:43,2
LF:14
LH:14
BRF:0
BRH:0
end_of_record
TN:
SF:libreria\strategy\validacionStrategy.ts
FN:12,(anonymous_0)
FN:17,(anonymous_1)
FN:21,(anonymous_2)
FNF:3
FNH:3
FNDA:1,(anonymous_0)
FNDA:1,(anonymous_1)
FNDA:2,(anonymous_2)
DA:9,6
DA:13,1
DA:18,1
DA:22,2
LF:4
LH:4
BRF:0
BRH:0
end_of_record
TN:
SF:libreria\validacion\dateValidacion.ts
FN:4,(anonymous_0)
FNF:1
FNH:1
FNDA:6,(anonymous_0)
DA:3,6
DA:5,6
LF:2
LH:2
BRDA:5,0,0,6
BRDA:5,0,1,6
BRF:2
BRH:2
end_of_record
TN:
SF:libreria\validacion\numberValidacion.ts
FN:4,(anonymous_0)
FNF:1
FNH:1
FNDA:5,(anonymous_0)
DA:3,6
DA:5,5
DA:6,3
DA:8,2
LF:4
LH:4
BRDA:5,0,0,3
BRDA:5,1,0,5
BRDA:5,1,1,5
BRF:3
BRH:3
end_of_record
TN:
SF:libreria\validacion\objectValidacion.ts
FN:4,(anonymous_0)
FNF:1
FNH:1
FNDA:4,(anonymous_0)
DA:3,6
DA:5,4
LF:2
LH:2
BRDA:5,0,0,4
BRDA:5,0,1,4
BRF:2
BRH:2
end_of_record
TN:
SF:libreria\validacion\stringValidacion.ts
FN:4,(anonymous_0)
FNF:1
FNH:1
FNDA:5,(anonymous_0)
DA:3,6
DA:5,5
DA:6,3
DA:8,2
LF:4
LH:4
BRDA:5,0,0,3
BRDA:5,1,0,5
BRDA:5,1,1,5
BRF:3
BRH:3
end_of_record
